<?xml version="1.0" encoding="UTF-8"?>
<!-- Generated by org.testng.reporters.JUnitXMLReporter -->
<testsuite ignored="0" hostname="AymanHussein" failures="1" tests="4" name="Test" time="81.869" errors="0" timestamp="2025-07-15T14:04:40 CDT">
  <testcase classname="test_pomProject.AddCustomerTest" name="addnewcustomer" time="48.136">
    <failure type="org.openqa.selenium.NoSuchElementException" message="Cannot locate element with text: AbcTesting
For documentation on this error, please visit: https://www.seleniumhq.org/exceptions/no_such_element.html
Build info: version: &amp;apos;3.141.59&amp;apos;, revision: &amp;apos;e82be7d358&amp;apos;, time: &amp;apos;2018-11-14T08:17:03&amp;apos;
System info: host: &amp;apos;AYMANHUSSEIN&amp;apos;, ip: &amp;apos;192.168.1.74&amp;apos;, os.name: &amp;apos;Windows 11&amp;apos;, os.arch: &amp;apos;amd64&amp;apos;, os.version: &amp;apos;10.0&amp;apos;, java.version: &amp;apos;11.0.20&amp;apos;
Driver info: driver.version: unknown">
      <![CDATA[org.openqa.selenium.NoSuchElementException: Cannot locate element with text: AbcTesting
For documentation on this error, please visit: https://www.seleniumhq.org/exceptions/no_such_element.html
Build info: version: '3.141.59', revision: 'e82be7d358', time: '2018-11-14T08:17:03'
System info: host: 'AYMANHUSSEIN', ip: '192.168.1.74', os.name: 'Windows 11', os.arch: 'amd64', os.version: '10.0', java.version: '11.0.20'
Driver info: driver.version: unknown
at org.openqa.selenium.support.ui.Select.selectByVisibleText(Select.java:147)
at page.BasePage.SelectfromDropDown(BasePage.java:14)
at page.AddCustomerPage.selectcompanyfromdropdown(AddCustomerPage.java:41)
at test_pomProject.AddCustomerTest.addnewcustomer(AddCustomerTest.java:52)
at java.base/java.util.ArrayList.forEach(ArrayList.java:1541)
... Removed 27 stack frames]]>
    </failure>
  </testcase> <!-- addnewcustomer -->
  <testcase classname="test_pomProject.LoginTest" name="validateusernamemsg" time="7.657"/>
  <testcase classname="test_pomProject.LoginTest" name="validatepasswordmsg" time="9.579"/>
  <testcase classname="test_pomProject.LoginTest" name="logintoTF" time="16.404"/>
</testsuite> <!-- Test -->
