<?xml version="1.0" encoding="UTF-8"?>
<!-- Generated by org.testng.reporters.JUnitReportReporter -->
<testsuite hostname="AymanHussein" failures="0" tests="3" name="test.LoginTest" time="34.783" errors="0" timestamp="2025-07-11T20:14:25 CDT" skipped="0">
  <testcase classname="test.LoginTest" name="validateusernamemsg" time="9.770"/>
  <testcase classname="test.LoginTest" name="validatepasswordmsg" time="8.491"/>
  <testcase classname="test.LoginTest" name="logintoTF" time="16.522"/>
</testsuite> <!-- test.LoginTest -->
