<?xml version="1.0" encoding="UTF-8"?>
<!-- Generated by org.testng.reporters.JUnitReportReporter -->
<testsuite hostname="AymanHussein" failures="0" tests="2" name="test.LoginTestExceldataprovider" time="34.335" errors="0" timestamp="2025-07-15T10:13:26 CDT" skipped="0">
  <testcase classname="test.LoginTestExceldataprovider" name="validateusernamemsg" time="17.937"/>
  <testcase classname="test.LoginTestExceldataprovider" name="validateusernamemsg" time="16.398"/>
</testsuite> <!-- test.LoginTestExceldataprovider -->
