<?xml version="1.0" encoding="UTF-8"?>
<!-- Generated by org.testng.reporters.JUnitReportReporter -->
<testsuite hostname="AymanHussein" failures="0" tests="3" name="test.LoginTestExcel" time="33.003" errors="0" timestamp="2025-07-11T20:24:58 CDT" skipped="0">
  <testcase classname="test.LoginTestExcel" name="validateusernamemsg" time="8.239"/>
  <testcase classname="test.LoginTestExcel" name="validatepasswordmsg" time="6.772"/>
  <testcase classname="test.LoginTestExcel" name="logintoTF" time="17.992"/>
</testsuite> <!-- test.LoginTestExcel -->
