<?xml version="1.0" encoding="UTF-8"?>
<!-- Generated by org.testng.reporters.JUnitReportReporter -->
<testsuite hostname="AymanHussein" failures="0" tests="3" name="test_pomProject.LoginTest" time="33.640" errors="0" timestamp="2025-07-15T14:04:41 CDT" skipped="0">
  <testcase classname="test_pomProject.LoginTest" name="validateusernamemsg" time="7.657"/>
  <testcase classname="test_pomProject.LoginTest" name="validatepasswordmsg" time="9.579"/>
  <testcase classname="test_pomProject.LoginTest" name="logintoTF" time="16.404"/>
</testsuite> <!-- test_pomProject.LoginTest -->
